JVM Args:          
Run Args:          "--task", "MERGE_MAPPING", "--left", "/home/noah/MCreatorWorkspaces/mfff/build/neoForm/neoFormJoined1.20.4-20231207.154220/unpacked/config/joined.tsrg", "--right", "/home/noah/MCreatorWorkspaces/mfff/.gradle/caches/minecraft/versions/1.20.4/client.txt", "--right-names", "right,left", "--classes", "--fields", "--methods", "--output", "/home/noah/MCreatorWorkspaces/mfff/build/neoForm/neoFormJoined1.20.4-20231207.154220/steps/mergeMappings/output.jar"
JVM:               /home/noah/Downloads/MCreator.2024.1.Linux (1).64bit/MCreator20241/jdk/bin/java
Classpath:         /home/noah/.mcreator/gradle/caches/modules-2/files-2.1/net.minecraftforge/installertools/1.3.2/216361298c683887c4cf0cc62988b5c3fba713fb/installertools-1.3.2-fatjar.jar
Working Dir:       /home/noah/MCreatorWorkspaces/mfff/build/neoForm/neoFormJoined1.20.4-20231207.154220/steps/mergeMappings
Main Class:        net.minecraftforge.installertools.ConsoleTool
Program log file:  /home/noah/MCreatorWorkspaces/mfff/build/neoForm/neoFormJoined1.20.4-20231207.154220/steps/mergeMappings/log.log
Output file:       /home/noah/MCreatorWorkspaces/mfff/build/neoForm/neoFormJoined1.20.4-20231207.154220/steps/mergeMappings/output.jar
Task: MERGE_MAPPING
Left:    /home/noah/MCreatorWorkspaces/mfff/build/neoForm/neoFormJoined1.20.4-20231207.154220/unpacked/config/joined.tsrg
         Reversed=false
         null
Right:   /home/noah/MCreatorWorkspaces/mfff/.gradle/caches/minecraft/versions/1.20.4/client.txt
         Reversed=false
         right,left
Classes: true
Fields:  true
Methods: true
Params:  false
Output:  /home/noah/MCreatorWorkspaces/mfff/build/neoForm/neoFormJoined1.20.4-20231207.154220/steps/mergeMappings/output.jar
